C51 COMPILER V9.60.7.0   DCPROG                                                            01/12/2023 20:59:48 PAGE 1   


C51 COMPILER V9.60.7.0, COMPILATION OF MODULE DCPROG
OBJECT MODULE PLACED IN .\Objects\dcprog.obj
COMPILER INVOKED BY: C:\Keil_v5\C51\BIN\C51.EXE dcprog.c OPTIMIZE(8,SPEED) BROWSE DEBUG OBJECTEXTEND PRINT(.\Listings\dc
                    -prog.lst) TABS(2) OBJECT(.\Objects\dcprog.obj)

line level    source

   1          #include<reg51.h>
   2          sbit motp=P1^0;
   3          sbit motn=P1^1;
   4          sbit motp2=P1^2;
   5          sbit motn2=P1^3;
   6          void main()
   7          {
   8   1        unsigned int i;
   9   1        motp=motn=motp2=motn2=0;
  10   1        while(1)
  11   1        {
  12   2        motp=1;
  13   2        motn=0;
  14   2        motp2=0;
  15   2        motn2=1;
  16   2        for(i=0;i<50000;i++)
  17   2          {}
  18   2        motp=0;
  19   2        motn=1;
  20   2        motp2=1;
  21   2        motn2=0;    
  22   2        for(i=0;i<50000;i++)
  23   2          {}    
  24   2        }
  25   1      }


MODULE INFORMATION:   STATIC OVERLAYABLE
   CODE SIZE        =     76    ----
   CONSTANT SIZE    =   ----    ----
   XDATA SIZE       =   ----    ----
   PDATA SIZE       =   ----    ----
   DATA SIZE        =   ----    ----
   IDATA SIZE       =   ----    ----
   BIT SIZE         =   ----    ----
END OF MODULE INFORMATION.


C51 COMPILATION COMPLETE.  0 WARNING(S),  0 ERROR(S)
